C:\Program Files (x86)\Microsoft Visual Studio\2017\Enterprise\Common7\IDE\VC\VCTargets\Microsoft.Cpp.props(31,3): warning MSB4011: "C:\Program Files (x86)\Microsoft Visual Studio\2017\Enterprise\Common7\IDE\VC\VCTargets\Microsoft.Makefile.props" cannot be imported again. It was already imported at "C:\Program Files (x86)\MSBuild\Microsoft.Cpp\v4.0\V140\Microsoft.cpp.props (31,3)". This is most likely a build authoring error. This subsequent import will be ignored. [C:\Users\Ava 2.0\Documents\Unreal Projects\Ben\04_BattleTank\BattleTank\Intermediate\ProjectFiles\UE4.vcxproj]
C:\Program Files (x86)\Microsoft Visual Studio\2017\Enterprise\Common7\IDE\VC\VCTargets\Microsoft.Cpp.props(31,3): warning MSB4011: "C:\Program Files (x86)\Microsoft Visual Studio\2017\Enterprise\Common7\IDE\VC\VCTargets\Microsoft.Makefile.props" cannot be imported again. It was already imported at "C:\Program Files (x86)\MSBuild\Microsoft.Cpp\v4.0\V140\Microsoft.cpp.props (31,3)". This is most likely a build authoring error. This subsequent import will be ignored. [C:\Users\Ava 2.0\Documents\Unreal Projects\Ben\04_BattleTank\BattleTank\Intermediate\ProjectFiles\BattleTank.vcxproj]
  Compiling game modules for hot reload
  Parsing headers for BattleTankEditor
    Running UnrealHeaderTool "C:\Users\Ava 2.0\Documents\Unreal Projects\Ben\04_BattleTank\BattleTank\BattleTank.uproject" "C:\Users\Ava 2.0\Documents\Unreal Projects\Ben\04_BattleTank\BattleTank\Intermediate\Build\Win64\BattleTankEditor\Development\BattleTankEditor.uhtmanifest" -LogCmds="loginit warning, logexit warning, logdatabase error" -Unattended -WarningsAsErrors -installed
  Reflection code generated for BattleTankEditor in 6.0407846 seconds
  Performing 9 actions (4 in parallel)
  BattleTank.init.gen.cpp
  Tank.cpp
  TankPlayerController.cpp
  TankAIController.cpp
  Tank.gen.cpp
  TankAIController.gen.cpp
  TankPlayerController.gen.cpp
  [8/9] Link UE4Editor-BattleTank-8280.dll
  [9/9] Link UE4Editor-BattleTank-8280.lib
     Creating library C:\Users\Ava 2.0\Documents\Unreal Projects\Ben\04_BattleTank\BattleTank\Intermediate\Build\Win64\UE4Editor\Development\UE4Editor-BattleTank-8280.lib and object C:\Users\Ava 2.0\Documents\Unreal Projects\Ben\04_BattleTank\BattleTank\Intermediate\Build\Win64\UE4Editor\Development\UE4Editor-BattleTank-8280.exp
     Creating library C:\Users\Ava 2.0\Documents\Unreal Projects\Ben\04_BattleTank\BattleTank\Intermediate\Build\Win64\UE4Editor\Development\UE4Editor-BattleTank-8280.suppressed.lib and object C:\Users\Ava 2.0\Documents\Unreal Projects\Ben\04_BattleTank\BattleTank\Intermediate\Build\Win64\UE4Editor\Development\UE4Editor-BattleTank-8280.suppressed.exp
  Deploying BattleTankEditor Win64 Development...
  Total build time: 12.59 seconds (Local executor: 3.34 seconds)
